[    0.000000] Linux version 4.15.0-197-generic (buildd@lcy02-amd64-110) (gcc version 7.5.0 (Ubuntu 7.5.0-3ubuntu1~18.04)) #208-Ubuntu SMP Tue Nov 1 17:23:37 UTC 2022 (Ubuntu 4.15.0-197.208-generic 4.15.18)
[    0.000000] Command line: BOOT_IMAGE=/boot/vmlinuz-4.15.0-197-generic root=LABEL=cloudimg-rootfs ro console=tty1 console=ttyS0
[    0.000000] KERNEL supported cpus:
[    0.000000]   Intel GenuineIntel
[    0.000000]   AMD AuthenticAMD
[    0.000000]   Centaur CentaurHauls
[    0.000000] [Firmware Bug]: TSC doesn't count with P0 frequency!
[    0.000000] x86/fpu: Supporting XSAVE feature 0x001: 'x87 floating point registers'
[    0.000000] x86/fpu: Supporting XSAVE feature 0x002: 'SSE registers'
[    0.000000] x86/fpu: Supporting XSAVE feature 0x004: 'AVX registers'
[    0.000000] x86/fpu: xstate_offset[2]:  576, xstate_sizes[2]:  256
[    0.000000] x86/fpu: Enabled xstate features 0x7, context size is 832 bytes, using 'standard' format.
[    0.000000] e820: BIOS-provided physical RAM map:
[    0.000000] BIOS-e820: [mem 0x0000000000000000-0x000000000009fbff] usable
[    0.000000] BIOS-e820: [mem 0x000000000009fc00-0x000000000009ffff] reserved
[    0.000000] BIOS-e820: [mem 0x00000000000f0000-0x00000000000fffff] reserved
[    0.000000] BIOS-e820: [mem 0x0000000000100000-0x000000003ffeffff] usable
[    0.000000] BIOS-e820: [mem 0x000000003fff0000-0x000000003fffffff] ACPI data
[    0.000000] BIOS-e820: [mem 0x00000000fec00000-0x00000000fec00fff] reserved
[    0.000000] BIOS-e820: [mem 0x00000000fee00000-0x00000000fee00fff] reserved
[    0.000000] BIOS-e820: [mem 0x00000000fffc0000-0x00000000ffffffff] reserved
[    0.000000] NX (Execute Disable) protection: active
[    0.000000] SMBIOS 2.5 present.
[    0.000000] DMI: innotek GmbH VirtualBox/VirtualBox, BIOS VirtualBox 12/01/2006
[    0.000000] Hypervisor detected: KVM
[    0.000000] e820: last_pfn = 0x3fff0 max_arch_pfn = 0x400000000
[    0.000000] MTRR: Disabled
[    0.000000] x86/PAT: MTRRs disabled, skipping PAT initialization too.
[    0.000000] CPU MTRRs all blank - virtualized system.
[    0.000000] x86/PAT: Configuration [0-7]: WB  WT  UC- UC  WB  WT  UC- UC  
[    0.000000] found SMP MP-table at [mem 0x0009fff0-0x0009ffff]
[    0.000000] Scanning 1 areas for low memory corruption
[    0.000000] RAMDISK: [mem 0x359c9000-0x36cdbfff]
[    0.000000] ACPI: Early table checksum verification disabled
[    0.000000] ACPI: RSDP 0x00000000000E0000 000024 (v02 VBOX  )
[    0.000000] ACPI: XSDT 0x000000003FFF0030 00003C (v01 VBOX   VBOXXSDT 00000001 ASL  00000061)
[    0.000000] ACPI: FACP 0x000000003FFF00F0 0000F4 (v04 VBOX   VBOXFACP 00000001 ASL  00000061)
[    0.000000] ACPI: DSDT 0x000000003FFF0470 002325 (v02 VBOX   VBOXBIOS 00000002 INTL 20100528)
[    0.000000] ACPI: FACS 0x000000003FFF0200 000040
[    0.000000] ACPI: FACS 0x000000003FFF0200 000040
[    0.000000] ACPI: APIC 0x000000003FFF0240 00005C (v02 VBOX   VBOXAPIC 00000001 ASL  00000061)
[    0.000000] ACPI: SSDT 0x000000003FFF02A0 0001CC (v01 VBOX   VBOXCPUT 00000002 INTL 20100528)
[    0.000000] ACPI: Reserving FACP table memory at [mem 0x3fff00f0-0x3fff01e3]
[    0.000000] ACPI: Reserving DSDT table memory at [mem 0x3fff0470-0x3fff2794]
[    0.000000] ACPI: Reserving FACS table memory at [mem 0x3fff0200-0x3fff023f]
[    0.000000] ACPI: Reserving FACS table memory at [mem 0x3fff0200-0x3fff023f]
[    0.000000] ACPI: Reserving APIC table memory at [mem 0x3fff0240-0x3fff029b]
[    0.000000] ACPI: Reserving SSDT table memory at [mem 0x3fff02a0-0x3fff046b]
[    0.000000] No NUMA configuration found
[    0.000000] Faking a node at [mem 0x0000000000000000-0x000000003ffeffff]
[    0.000000] NODE_DATA(0) allocated [mem 0x3ffc5000-0x3ffeffff]
[    0.000000] kvm-clock: cpu 0, msr 0:3ff44001, primary cpu clock
[    0.000000] kvm-clock: Using msrs 4b564d01 and 4b564d00
[    0.000000] kvm-clock: using sched offset of 4089057438 cycles
[    0.000000] clocksource: kvm-clock: mask: 0xffffffffffffffff max_cycles: 0x1cd42e4dffb, max_idle_ns: 881590591483 ns
[    0.000000] Zone ranges:
[    0.000000]   DMA      [mem 0x0000000000001000-0x0000000000ffffff]
[    0.000000]   DMA32    [mem 0x0000000001000000-0x000000003ffeffff]
[    0.000000]   Normal   empty
[    0.000000]   Device   empty
[    0.000000] Movable zone start for each node
[    0.000000] Early memory node ranges
[    0.000000]   node   0: [mem 0x0000000000001000-0x000000000009efff]
[    0.000000]   node   0: [mem 0x0000000000100000-0x000000003ffeffff]
[    0.000000] Reserved but unavailable: 104 pages
[    0.000000] Initmem setup node 0 [mem 0x0000000000001000-0x000000003ffeffff]
[    0.000000] ACPI: PM-Timer IO Port: 0x4008
[    0.000000] IOAPIC[0]: apic_id 2, version 32, address 0xfec00000, GSI 0-23
[    0.000000] ACPI: INT_SRC_OVR (bus 0 bus_irq 0 global_irq 2 dfl dfl)
[    0.000000] ACPI: INT_SRC_OVR (bus 0 bus_irq 9 global_irq 9 low level)
[    0.000000] Using ACPI (MADT) for SMP configuration information
[    0.000000] smpboot: Allowing 2 CPUs, 0 hotplug CPUs
[    0.000000] PM: Registered nosave memory: [mem 0x00000000-0x00000fff]
[    0.000000] PM: Registered nosave memory: [mem 0x0009f000-0x0009ffff]
[    0.000000] PM: Registered nosave memory: [mem 0x000a0000-0x000effff]
[    0.000000] PM: Registered nosave memory: [mem 0x000f0000-0x000fffff]
[    0.000000] e820: [mem 0x40000000-0xfebfffff] available for PCI devices
[    0.000000] Booting paravirtualized kernel on KVM
[    0.000000] clocksource: refined-jiffies: mask: 0xffffffff max_cycles: 0xffffffff, max_idle_ns: 7645519600211568 ns
[    0.000000] setup_percpu: NR_CPUS:8192 nr_cpumask_bits:2 nr_cpu_ids:2 nr_node_ids:1
[    0.000000] percpu: Embedded 50 pages/cpu s167936 r8192 d28672 u1048576
[    0.000000] PV qspinlock hash table entries: 256 (order: 0, 4096 bytes)
[    0.000000] Built 1 zonelists, mobility grouping on.  Total pages: 257913
[    0.000000] Policy zone: DMA32
[    0.000000] Kernel command line: BOOT_IMAGE=/boot/vmlinuz-4.15.0-197-generic root=LABEL=cloudimg-rootfs ro console=tty1 console=ttyS0
[    0.000000] Memory: 982648K/1048120K available (12300K kernel code, 2477K rwdata, 4320K rodata, 2472K init, 2720K bss, 65472K reserved, 0K cma-reserved)
[    0.000000] SLUB: HWalign=64, Order=0-3, MinObjects=0, CPUs=2, Nodes=1
[    0.000000] ftrace: allocating 39478 entries in 155 pages
[    0.004000] Hierarchical RCU implementation.
[    0.004000] 	RCU restricting CPUs from NR_CPUS=8192 to nr_cpu_ids=2.
[    0.004000] 	Tasks RCU enabled.
[    0.004000] RCU: Adjusting geometry for rcu_fanout_leaf=16, nr_cpu_ids=2
[    0.004000] NR_IRQS: 524544, nr_irqs: 440, preallocated irqs: 16
[    0.004000] random: crng init done
[    0.004000] Console: colour VGA+ 80x25
[    0.004000] console [tty1] enabled
[    0.004000] console [ttyS0] enabled
[    0.004000] ACPI: Core revision 20170831
[    0.004000] ACPI: 2 ACPI AML tables successfully acquired and loaded
[    0.004000] APIC: Switch to symmetric I/O mode setup
[    0.004000] x2apic enabled
[    0.004000] Switched APIC routing to physical x2apic.
[    0.004000] ..TIMER: vector=0x30 apic1=0 pin1=2 apic2=-1 pin2=-1
[    0.004009] tsc: Detected 2994.368 MHz processor
[    0.008012] Calibrating delay loop (skipped) preset value.. 5988.73 BogoMIPS (lpj=11977472)
[    0.010505] pid_max: default: 32768 minimum: 301
[    0.011723] Security Framework initialized
[    0.012007] Yama: becoming mindful.
[    0.012923] AppArmor: AppArmor initialized
[    0.016075] Dentry cache hash table entries: 131072 (order: 8, 1048576 bytes)
[    0.020093] Inode-cache hash table entries: 65536 (order: 7, 524288 bytes)
[    0.021693] Mount-cache hash table entries: 2048 (order: 2, 16384 bytes)
[    0.024031] Mountpoint-cache hash table entries: 2048 (order: 2, 16384 bytes)
[    0.026714] Last level iTLB entries: 4KB 1024, 2MB 1024, 4MB 512
[    0.028009] Last level dTLB entries: 4KB 2048, 2MB 2048, 4MB 1024, 1GB 0
[    0.029518] Spectre V1 : Mitigation: usercopy/swapgs barriers and __user pointer sanitization
[    0.032006] Spectre V2 : Mitigation: Retpolines
[    0.033159] Spectre V2 : Spectre v2 / SpectreRSB mitigation: Filling RSB on context switch
[    0.035424] Freeing SMP alternatives memory: 36K
[    0.145295] APIC calibration not consistent with PM-Timer: 98ms instead of 100ms
[    0.147257] APIC delta adjusted to PM-Timer: 6237795 (6168509)
[    0.148080] smpboot: CPU0: AMD Ryzen 5 4600H with Radeon Graphics (family: 0x17, model: 0x60, stepping: 0x1)
[    0.150791] Performance Events: PMU not available due to virtualization, using software events only.
[    0.152061] Hierarchical SRCU implementation.
[    0.153839] NMI watchdog: Perf event create on CPU 0 failed with -2
[    0.156013] NMI watchdog: Perf NMI watchdog permanently disabled
[    0.157603] smp: Bringing up secondary CPUs ...
[    0.158863] x86: Booting SMP configuration:
[    0.161045] .... node  #0, CPUs:      #1
[    0.004000] kvm-clock: cpu 1, msr 0:3ff44041, secondary cpu clock
[    0.164026] smp: Brought up 1 node, 2 CPUs
[    0.165117] smpboot: Max logical packages: 1
[    0.166187] smpboot: Total of 2 processors activated (11977.47 BogoMIPS)
[    0.168135] devtmpfs: initialized
[    0.169039] x86/mm: Memory block size: 128MB
[    0.170315] evm: security.selinux
[    0.171155] evm: security.SMACK64
[    0.172009] evm: security.SMACK64EXEC
[    0.172984] evm: security.SMACK64TRANSMUTE
[    0.173942] evm: security.SMACK64MMAP
[    0.176004] evm: security.apparmor
[    0.176863] evm: security.ima
[    0.177644] evm: security.capability
[    0.180162] clocksource: jiffies: mask: 0xffffffff max_cycles: 0xffffffff, max_idle_ns: 7645041785100000 ns
[    0.183005] futex hash table entries: 512 (order: 3, 32768 bytes)
[    0.188065] pinctrl core: initialized pinctrl subsystem
[    0.192037] RTC time: 16:53:03, date: 03/06/23
[    0.193392] NET: Registered protocol family 16
[    0.194613] audit: initializing netlink subsys (disabled)
[    0.196045] audit: type=2000 audit(1678121588.744:1): state=initialized audit_enabled=0 res=1
[    0.200030] cpuidle: using governor ladder
[    0.201233] cpuidle: using governor menu
[    0.202945] ACPI: bus type PCI registered
[    0.202945] acpiphp: ACPI Hot Plug PCI Controller Driver version: 0.5
[    0.204221] PCI: Using configuration type 1 for base access
[    0.205571] PCI: Using configuration type 1 for extended access
[    0.209059] HugeTLB registered 2.00 MiB page size, pre-allocated 0 pages
[    0.212118] ACPI: Added _OSI(Module Device)
[    0.213156] ACPI: Added _OSI(Processor Device)
[    0.216007] ACPI: Added _OSI(3.0 _SCP Extensions)
[    0.217157] ACPI: Added _OSI(Processor Aggregator Device)
[    0.218442] ACPI: Added _OSI(Linux-Dell-Video)
[    0.220008] ACPI: Added _OSI(Linux-Lenovo-NV-HDMI-Audio)
[    0.221534] ACPI: Added _OSI(Linux-HPI-Hybrid-Graphics)
[    0.224383] ACPI: Executed 1 blocks of module-level executable AML code
[    0.225612] ACPI: Interpreter enabled
[    0.226571] ACPI: (supports S0 S5)
[    0.227463] ACPI: Using IOAPIC for interrupt routing
[    0.232291] PCI: Using host bridge windows from ACPI; if necessary, use "pci=nocrs" and report a bug
[    0.234693] ACPI: Enabled 2 GPEs in block 00 to 07
[    0.241929] ACPI: PCI Root Bridge [PCI0] (domain 0000 [bus 00-ff])
[    0.243437] acpi PNP0A03:00: _OSC: OS supports [ExtendedConfig ASPM ClockPM Segments MSI]
[    0.256723] acpi PNP0A03:00: _OSC: platform does not support [PCIeCapability]
[    0.256723] acpi PNP0A03:00: _OSC: not requesting control; platform does not support [PCIeCapability]
[    0.258331] acpi PNP0A03:00: _OSC: OS requested [PCIeHotplug PME AER PCIeCapability]
[    0.260000] acpi PNP0A03:00: _OSC: platform willing to grant [PCIeHotplug PME AER]
[    0.264006] acpi PNP0A03:00: _OSC failed (AE_SUPPORT); disabling ASPM
[    0.264532] PCI host bridge to bus 0000:00
[    0.265761] pci_bus 0000:00: root bus resource [io  0x0000-0x0cf7 window]
[    0.267330] pci_bus 0000:00: root bus resource [io  0x0d00-0xffff window]
[    0.272009] pci_bus 0000:00: root bus resource [mem 0x000a0000-0x000bffff window]
[    0.273776] pci_bus 0000:00: root bus resource [mem 0x40000000-0xfdffffff window]
[    0.276008] pci_bus 0000:00: root bus resource [bus 00-ff]
[    0.278290] pci 0000:00:01.1: legacy IDE quirk: reg 0x10: [io  0x01f0-0x01f7]
[    0.278719] pci 0000:00:01.1: legacy IDE quirk: reg 0x14: [io  0x03f6]
[    0.284006] pci 0000:00:01.1: legacy IDE quirk: reg 0x18: [io  0x0170-0x0177]
[    0.285582] pci 0000:00:01.1: legacy IDE quirk: reg 0x1c: [io  0x0376]
[    0.317427] pci 0000:00:07.0: quirk: [io  0x4000-0x403f] claimed by PIIX4 ACPI
[    0.319759] pci 0000:00:07.0: quirk: [io  0x4100-0x410f] claimed by PIIX4 SMB
[    0.341138] ACPI: PCI Interrupt Link [LNKA] (IRQs 5 9 10 *11)
[    0.343117] ACPI: PCI Interrupt Link [LNKB] (IRQs 5 9 *10 11)
[    0.344173] ACPI: PCI Interrupt Link [LNKC] (IRQs 5 *9 10 11)
[    0.345667] ACPI: PCI Interrupt Link [LNKD] (IRQs 5 9 10 *11)
[    0.347506] SCSI subsystem initialized
[    0.348084] pci 0000:00:02.0: vgaarb: setting as boot VGA device
[    0.349296] pci 0000:00:02.0: vgaarb: VGA device added: decodes=io+mem,owns=io+mem,locks=none
[    0.351118] pci 0000:00:02.0: vgaarb: bridge control possible
[    0.352005] vgaarb: loaded
[    0.352779] ACPI: bus type USB registered
[    0.356035] usbcore: registered new interface driver usbfs
[    0.357225] usbcore: registered new interface driver hub
[    0.358420] usbcore: registered new device driver usb
[    0.360090] EDAC MC: Ver: 3.0.0
[    0.361390] PCI: Using ACPI for IRQ routing
[    0.361496] NetLabel: Initializing
[    0.364005] NetLabel:  domain hash size = 128
[    0.365527] NetLabel:  protocols = UNLABELED CIPSOv4 CALIPSO
[    0.367070] NetLabel:  unlabeled traffic allowed by default
[    0.368139] clocksource: Switched to clocksource kvm-clock
[    0.396139] VFS: Disk quotas dquot_6.6.0
[    0.397317] VFS: Dquot-cache hash table entries: 512 (order 0, 4096 bytes)
[    0.399016] AppArmor: AppArmor Filesystem Enabled
[    0.400228] pnp: PnP ACPI init
[    0.402465] pnp: PnP ACPI: found 3 devices
[    0.419255] clocksource: acpi_pm: mask: 0xffffff max_cycles: 0xffffff, max_idle_ns: 2085701024 ns
[    0.422264] NET: Registered protocol family 2
[    0.424363] IP idents hash table entries: 16384 (order: 5, 131072 bytes)
[    0.427404] TCP established hash table entries: 8192 (order: 4, 65536 bytes)
[    0.435541] TCP bind hash table entries: 8192 (order: 5, 131072 bytes)
[    0.437412] TCP: Hash tables configured (established 8192 bind 8192)
[    0.439353] UDP hash table entries: 512 (order: 2, 16384 bytes)
[    0.441259] UDP-Lite hash table entries: 512 (order: 2, 16384 bytes)
[    0.443179] NET: Registered protocol family 1
[    0.444693] pci 0000:00:00.0: Limiting direct PCI/PCI transfers
[    0.446495] pci 0000:00:01.0: Activating ISA DMA hang workarounds
[    0.448110] pci 0000:00:02.0: Video device with shadowed ROM at [mem 0x000c0000-0x000dffff]
[    0.450362] Unpacking initramfs...
[    0.980763] Freeing initrd memory: 19532K
[    0.982623] clocksource: tsc: mask: 0xffffffffffffffff max_cycles: 0x2b297d14f90, max_idle_ns: 440795304060 ns
[    0.985812] platform rtc_cmos: registered platform RTC device (no PNP device found)
[    0.988662] Scanning for low memory corruption every 60 seconds
[    0.992081] Initialise system trusted keyrings
[    0.993827] Key type blacklist registered
[    0.995704] workingset: timestamp_bits=36 max_order=18 bucket_order=0
[    0.998793] zbud: loaded
[    1.000435] squashfs: version 4.0 (2009/01/31) Phillip Lougher
[    1.002644] fuse init (API version 7.26)
[    1.011838] Key type asymmetric registered
[    1.013097] Asymmetric key parser 'x509' registered
[    1.014511] Block layer SCSI generic (bsg) driver version 0.4 loaded (major 246)
[    1.016877] io scheduler noop registered
[    1.018019] io scheduler deadline registered
[    1.019272] io scheduler cfq registered (default)
[    1.020999] ACPI: AC Adapter [AC] (off-line)
[    1.022328] input: Power Button as /devices/LNXSYSTM:00/LNXPWRBN:00/input/input0
[    1.024561] ACPI: Power Button [PWRF]
[    1.025774] input: Sleep Button as /devices/LNXSYSTM:00/LNXSLPBN:00/input/input1
[    1.028237] ACPI: Sleep Button [SLPF]
[    1.029864] Serial: 8250/16550 driver, 32 ports, IRQ sharing enabled
[    1.030783] ACPI: Battery Slot [BAT0] (battery present)
[    1.053503] 00:02: ttyS0 at I/O 0x3f8 (irq = 4, base_baud = 115200) is a 16550A
[    1.061835] Linux agpgart interface v0.103
[    1.071765] loop: module loaded
[    1.074487] scsi host0: ata_piix
[    1.076675] scsi host1: ata_piix
[    1.078173] ata1: PATA max UDMA/33 cmd 0x1f0 ctl 0x3f6 bmdma 0xd000 irq 14
[    1.080827] ata2: PATA max UDMA/33 cmd 0x170 ctl 0x376 bmdma 0xd008 irq 15
[    1.083731] tun: Universal TUN/TAP device driver, 1.6
[    1.086070] PPP generic driver version 2.4.2
[    1.088040] ehci_hcd: USB 2.0 'Enhanced' Host Controller (EHCI) Driver
[    1.090727] ehci-pci: EHCI PCI platform driver
[    1.092522] ehci-platform: EHCI generic platform driver
[    1.094783] ohci_hcd: USB 1.1 'Open' Host Controller (OHCI) Driver
[    1.097762] ohci-pci: OHCI PCI platform driver
[    1.100778] ohci-platform: OHCI generic platform driver
[    1.103928] uhci_hcd: USB Universal Host Controller Interface driver
[    1.108099] i8042: PNP: PS/2 Controller [PNP0303:PS2K,PNP0f03:PS2M] at 0x60,0x64 irq 1,12
[    1.114208] serio: i8042 KBD port at 0x60,0x64 irq 1
[    1.117000] serio: i8042 AUX port at 0x60,0x64 irq 12
[    1.119939] mousedev: PS/2 mouse device common for all mice
[    1.123844] input: AT Translated Set 2 keyboard as /devices/platform/i8042/serio0/input/input2
[    1.124799] rtc_cmos rtc_cmos: rtc core: registered rtc_cmos as rtc0
[    1.130416] rtc_cmos rtc_cmos: alarms up to one day, 114 bytes nvram
[    1.132325] i2c /dev entries driver
[    1.133514] device-mapper: uevent: version 1.0.3
[    1.134995] device-mapper: ioctl: 4.37.0-ioctl (2017-09-20) initialised: dm-devel@redhat.com
[    1.137198] ledtrig-cpu: registered to indicate activity on CPUs
[    1.139477] NET: Registered protocol family 10
[    1.147206] Segment Routing with IPv6
[    1.148993] NET: Registered protocol family 17
[    1.150714] Key type dns_resolver registered
[    1.152104] mce: Using 0 MCE banks
[    1.153051] RAS: Correctable Errors collector initialized.
[    1.154642] sched_clock: Marking stable (1152051764, 0)->(1406521562, -254469798)
[    1.157545] registered taskstats version 1
[    1.159225] Loading compiled-in X.509 certificates
[    1.164236] Loaded X.509 cert 'Build time autogenerated kernel key: ffc9dd3886e7b6bb89620497cc57c4262b59bc54'
[    1.168028] Loaded X.509 cert 'Canonical Ltd. Live Patch Signing: 14df34d1a87cf37625abec039ef2bf521249b969'
[    1.172209] Loaded X.509 cert 'Canonical Ltd. Kernel Module Signing: 88f752e560a1e0737e31163a466ad7b70a850c19'
[    1.175143] blacklist: Loading compiled-in revocation X.509 certificates
[    1.176928] Loaded X.509 cert 'Canonical Ltd. Secure Boot Signing: 61482aa2830d0ab2ad5af10b7250da9033ddcef0'
[    1.179283] zswap: loaded using pool lzo/zbud
[    1.184841] Key type big_key registered
[    1.186651] Key type trusted registered
[    1.190380] Key type encrypted registered
[    1.192414] AppArmor: AppArmor sha1 policy hashing enabled
[    1.194074] ima: No TPM chip found, activating TPM-bypass! (rc=-19)
[    1.195544] ima: Allocated hash algorithm: sha1
[    1.196861] evm: HMAC attrs: 0x1
[    1.198023]   Magic number: 15:467:893
[    1.199192] rtc_cmos rtc_cmos: setting system clock to 2023-03-06 16:53:04 UTC (1678121584)
[    1.201633] BIOS EDD facility v0.16 2004-Jun-25, 0 devices found
[    1.203079] EDD information not available.
[    1.519194] Freeing unused kernel image memory: 2472K
[    1.767552] Write protecting the kernel read-only data: 20480k
[    1.771400] Freeing unused kernel image memory: 2008K
[    1.774330] Freeing unused kernel image memory: 1824K
[    1.793510] x86/mm: Checked W+X mappings: passed, no W+X pages found.
Loading, please wait...
starting version 237
[    1.906664] Fusion MPT base driver 3.04.20
[    1.908155] Copyright (c) 1999-2008 LSI Corporation
[    1.915674] e1000: Intel(R) PRO/1000 Network Driver - version 7.3.21-k8-NAPI
[    1.917894] e1000: Copyright (c) 1999-2006 Intel Corporation.
[    1.922027] Fusion MPT SPI Host driver 3.04.20
[    1.928297] mptbase: ioc0: Initiating bringup
[    1.959980] AVX2 version of gcm_enc/dec engaged.
[    1.961592] AES CTR mode by8 optimization enabled
[    2.071112] ioc0: LSI53C1030 A0: Capabilities={Initiator}
[    2.130439] input: ImExPS/2 Generic Explorer Mouse as /devices/platform/i8042/serio1/input/input4
[    3.105673] scsi host2: ioc0: LSI53C1030 A0, FwRev=00000000h, Ports=1, MaxQ=256, IRQ=20
[    3.281365] scsi 2:0:0:0: Direct-Access     VBOX     HARDDISK         1.0  PQ: 0 ANSI: 5
[    3.304091] scsi target2:0:0: Beginning Domain Validation
[    3.310319] scsi target2:0:0: Domain Validation skipping write tests
[    3.311749] scsi target2:0:0: Ending Domain Validation
[    3.313098] scsi target2:0:0: asynchronous
[    3.315529] scsi 2:0:1:0: Direct-Access     VBOX     HARDDISK         1.0  PQ: 0 ANSI: 5
[    3.660049] scsi target2:0:1: Beginning Domain Validation
[    3.664930] scsi target2:0:1: Domain Validation skipping write tests
[    3.666446] scsi target2:0:1: Ending Domain Validation
[    3.667911] scsi target2:0:1: asynchronous
[    3.677100] sd 2:0:0:0: Attached scsi generic sg0 type 0
[    3.677696] sd 2:0:0:0: [sda] 83886080 512-byte logical blocks: (42.9 GB/40.0 GiB)
[    3.679956] sd 2:0:1:0: Attached scsi generic sg1 type 0
[    3.686022] sd 2:0:0:0: [sda] Write Protect is off
[    3.692871] sd 2:0:1:0: [sdb] 20480 512-byte logical blocks: (10.5 MB/10.0 MiB)
[    3.700297] sd 2:0:0:0: [sda] Incomplete mode parameter data
[    3.705068] sd 2:0:0:0: [sda] Assuming drive cache: write through
[    3.708577] sd 2:0:1:0: [sdb] Write Protect is off
[    3.710638] sd 2:0:1:0: [sdb] Incomplete mode parameter data
[    3.712072] sd 2:0:1:0: [sdb] Assuming drive cache: write through
[    3.714800] e1000 0000:00:03.0 eth0: (PCI:33MHz:32-bit) 02:1d:bb:88:d1:cb
[    3.716818] e1000 0000:00:03.0 eth0: Intel(R) PRO/1000 Network Connection
[    3.721760]  sda: sda1
[    3.724506] sd 2:0:0:0: [sda] Attached SCSI disk
[    3.726116] sd 2:0:1:0: [sdb] Attached SCSI disk
[    4.150654] e1000 0000:00:08.0 eth1: (PCI:33MHz:32-bit) 08:00:27:df:c8:a6
[    4.155523] e1000 0000:00:08.0 eth1: Intel(R) PRO/1000 Network Connection
[    4.172257] e1000 0000:00:08.0 enp0s8: renamed from eth1
[    4.193298] e1000 0000:00:03.0 enp0s3: renamed from eth0
Begin: Loading essential drivers ... [    6.121583] raid6: sse2x1   gen()  4153 MB/s
[    6.168499] raid6: sse2x1   xor()  3505 MB/s
[    6.217044] raid6: sse2x2   gen()  8788 MB/s
[    6.265617] raid6: sse2x2   xor()  5666 MB/s
[    6.312207] raid6: sse2x4   gen() 10448 MB/s
[    6.360025] raid6: sse2x4   xor()  5636 MB/s
[    6.408068] raid6: avx2x1   gen() 11374 MB/s
[    6.483639] raid6: avx2x1   xor() 14038 MB/s
[    6.532086] raid6: avx2x2   gen() 18535 MB/s
[    6.580070] raid6: avx2x2   xor()  5922 MB/s
[    6.628323] raid6: avx2x4   gen() 19144 MB/s
[    6.676038] raid6: avx2x4   xor() 10182 MB/s
[    6.677623] raid6: using algorithm avx2x4 gen() 19144 MB/s
[    6.680374] raid6: .... xor() 10182 MB/s, rmw enabled
[    6.682295] raid6: using avx2x2 recovery algorithm
[    6.686570] xor: automatically using best checksumming function   avx       
[    6.690422] async_tx: api initialized (async)
done.
Begin: Running /scripts/init-premount ... done.
Begin: Mounting root file system ... Begin: Running /scripts/local-top ... done.
Begin: Running /scripts/local-premount ... [    6.750561] Btrfs loaded, crc32c=crc32c-intel
Scanning for Btrfs filesystems
done.
Warning: fsck not present, so skipping root file system
[    6.801593] EXT4-fs (sda1): INFO: recovery required on readonly filesystem
[    6.803437] EXT4-fs (sda1): write access will be enabled during recovery
[    6.845954] EXT4-fs (sda1): recovery complete
[    6.847947] EXT4-fs (sda1): mounted filesystem with ordered data mode. Opts: (null)
done.
Begin: Running /scripts/local-bottom ... done.
Begin: Running /scripts/init-bottom ... done.
[    7.023196] ip_tables: (C) 2000-2006 Netfilter Core Team
[    7.040187] systemd[1]: systemd 237 running in system mode. (+PAM +AUDIT +SELINUX +IMA +APPARMOR +SMACK +SYSVINIT +UTMP +LIBCRYPTSETUP +GCRYPT +GNUTLS +ACL +XZ +LZ4 +SECCOMP +BLKID +ELFUTILS +KMOD -IDN2 +IDN -PCRE2 default-hierarchy=hybrid)
[    7.050924] systemd[1]: Detected virtualization oracle.
[    7.053642] systemd[1]: Detected architecture x86-64.

Welcome to [1mUbuntu 18.04.6 LTS[0m!

[    7.069846] systemd[1]: Set hostname to <ubuntu-bionic>.
[    7.422669] systemd[1]: Set up automount Arbitrary Executable File Formats File System Automount Point.
[[0;32m  OK  [0m] Set up automount Arbitrary Executab…rmats File System Automount Point.
[    7.428385] systemd[1]: Created slice System Slice.
[[0;32m  OK  [0m] Created slice System Slice.
[    7.440496] systemd[1]: Listening on fsck to fsckd communication Socket.
[[0;32m  OK  [0m] Listening on fsck to fsckd communication Socket.
[    7.443277] systemd[1]: Listening on Syslog Socket.
[[0;32m  OK  [0m] Listening on Syslog Socket.
[    7.457478] systemd[1]: Listening on Journal Socket (/dev/log).
[[0;32m  OK  [0m] Listening on Journal Socket (/dev/log).
[    7.460027] systemd[1]: Listening on udev Kernel Socket.
[[0;32m  OK  [0m] Listening on udev Kernel Socket.
[[0;32m  OK  [0m] Listening on udev Control Socket.
[[0;32m  OK  [0m] Listening on /dev/initctl Compatibility Named Pipe.
[[0;32m  OK  [0m] Listening on Network Service Netlink Socket.
[[0;32m  OK  [0m] Created slice User and Session Slice.
[[0;32m  OK  [0m] Reached target Slices.
[[0;32m  OK  [0m] Reached target Swap.
[[0;32m  OK  [0m] Started Forward Password Requests to Wall Directory Watch.
[[0;32m  OK  [0m] Listening on Journal Audit Socket.
[[0;32m  OK  [0m] Created slice system-serial\x2dgetty.slice.
[[0;32m  OK  [0m] Reached target User and Group Name Lookups.
[[0;32m  OK  [0m] Listening on Journal Socket.
         Starting File System Check on Root Device...
         Starting Uncomplicated firewall...
         Mounting Huge Pages File System...
         Mounting POSIX Message Queue File System...
         Starting Create list of required st…ce nodes for the current kernel...
         Starting Journal Service...
[[0;32m  OK  [0m] Listening on LVM2 poll daemon socket.
         Starting udev Coldplug all Devices...
[[0;32m  OK  [0m] Listening on LVM2 metadata daemon socket.
[[0;32m  OK  [0m] Reached target System Time Synchronized.
[[0;32m  OK  [0m] Listening on Device-mapper event daemon FIFOs.
         Starting Monitoring of LVM2 mirrors…ng dmeventd or progress polling...
         Starting Set the console keyboard layout...
         Starting Load Kernel Modules...
         Mounting Kernel Debug File System...
[[0;32m  OK  [0m] Started File System Check on Root Device.
[[0;32m  OK  [0m] Started Uncomplicated firewall.
[[0;32m  OK  [0m] Started Journal Service.
[[0;32m  OK  [0m] Mounted Huge Pages File System.
[[0;32m  OK  [0m] Mounted POSIX Message Queue File System.
[[0;32m  OK  [0m] Started Create list of required sta…vice nodes for the current kernel.
[[0;32m  OK  [0m] Mounted Kernel Debug File System.
[[0;32m  OK  [0m] Started File System Check Daemon to report status.
         Starting Create Static Device Nodes in /dev...
         Starting Remount Root and Kernel File Systems...
[    7.681769] Loading iSCSI transport class v2.0-870.
[[0;32m  OK  [0m] Started udev Coldplug all Devices.
[[0;32m  OK  [0m] Started LVM2 metadata daemon.
[    7.691307] iscsi: registered transport (tcp)
[[0;32m  OK  [0m] Started Create Static Device Nodes in /dev.
[    7.752672] EXT4-fs (sda1): re-mounted. Opts: (null)
[[0;32m  OK  [0m] Started Remount Root and Kernel File Systems.
[    7.772791] iscsi: registered transport (iser)
         Starting Flush Journal to Persistent Storage...
         Starting udev Kernel Device Manager...
         Starting Load/Save Random Seed...
[[0;32m  OK  [0m] Started Load Kernel Modules.
         Mounting Kernel Configuration File System...
         Starting Apply Kernel Variables...
         Mounting FUSE Control File System...
[[0;32m  OK  [0m] Started Monitoring of LVM2 mirrors,…sing dmeventd or progress polling.
[[0;32m  OK  [0m] Mounted Kernel Configuration File System.
[[0;32m  OK  [0m] Mounted FUSE Control File System.
[[0;32m  OK  [0m] Started Load/Save Random Seed.
[[0;32m  OK  [0m] Started udev Kernel Device Manager.
[[0;32m  OK  [0m] Started Apply Kernel Variables.
[[0;32m  OK  [0m] Started Set the console keyboard layout.
[[0;32m  OK  [0m] Started Dispatch Password Requests to Console Directory Watch.
[[0;32m  OK  [0m] Reached target Local Encrypted Volumes.
[[0;32m  OK  [0m] Reached target Local File Systems (Pre).
[[0;32m  OK  [0m] Reached target Local File Systems.
         Starting AppArmor initialization...
         Starting Set console font and keymap...
         Starting ebtables ruleset management...
         Starting Tell Plymouth To Write Out Runtime Data...
[[0;32m  OK  [0m] Started Set console font and keymap.
[[0;32m  OK  [0m] Started Flush Journal to Persistent Storage.
         Starting Create Volatile Files and Directories...
[[0;32m  OK  [0m] Started Tell Plymouth To Write Out Runtime Data.
[[0;32m  OK  [0m] Started Create Volatile Files and Directories.
         Starting Update UTMP about System Boot/Shutdown...
[[0;32m  OK  [0m] Started Update UTMP about System Boot/Shutdown.
[[0;32m  OK  [0m] Started ebtables ruleset management.
[[0;32m  OK  [0m] Found device /dev/ttyS0.
[[0;32m  OK  [0m] Started AppArmor initialization.
         Starting Load AppArmor profiles managed internally by snapd...
         Starting Initial cloud-init job (pre-networking)...
         Mounting Arbitrary Executable File Formats File System...
[[0;32m  OK  [0m] Listening on Load/Save RF Kill Switch Status /dev/rfkill Watch.
[[0;32m  OK  [0m] Mounted Arbitrary Executable File Formats File System.
[[0;32m  OK  [0m] Started Load AppArmor profiles managed internally by snapd.
[   10.495426] cloud-init[555]: Cloud-init v. 22.3.4-0ubuntu1~18.04.1 running 'init-local' at Mon, 06 Mar 2023 16:53:13 +0000. Up 10.14 seconds.
[[0;32m  OK  [0m] Started Initial cloud-init job (pre-networking).
[[0;32m  OK  [0m] Reached target Network (Pre).
         Starting Network Service...
[[0;32m  OK  [0m] Started Network Service.
         Starting Network Name Resolution...
         Starting Wait for Network to be Configured...
[[0;32m  OK  [0m] Started Network Name Resolution.
[[0;32m  OK  [0m] Reached target Network.
[[0;32m  OK  [0m] Reached target Host and Network Name Lookups.
[[0;32m  OK  [0m] Started Wait for Network to be Configured.
         Starting Initial cloud-init job (metadata service crawler)...
[   13.558003] cloud-init[672]: Cloud-init v. 22.3.4-0ubuntu1~18.04.1 running 'init' at Mon, 06 Mar 2023 16:53:16 +0000. Up 13.26 seconds.
[   13.561916] cloud-init[672]: ci-info: ++++++++++++++++++++++++++++++++++++++Net device info+++++++++++++++++++++++++++++++++++++++
[   13.565048] cloud-init[672]: ci-info: +--------+------+-----------------------------+---------------+--------+-------------------+
[   13.567104] cloud-init[672]: ci-info: | Device |  Up  |           Address           |      Mask     | Scope  |     Hw-Address    |
[   13.568771] cloud-init[672]: ci-info: +--------+------+-----------------------------+---------------+--------+-------------------+
[   13.572583] cloud-init[672]: ci-info: | enp0s3 | True |          10.0.2.15          | 255.255.255.0 | global | 02:1d:bb:88:d1:cb |
[   13.573946] cloud-init[672]: ci-info: | enp0s3 | True |  fe80::1d:bbff:fe88:d1cb/64 |       .       |  link  | 02:1d:bb:88:d1:cb |
[   13.575524] cloud-init[672]: ci-info: | enp0s8 | True |        192.168.40.11        | 255.255.255.0 | global | 08:00:27:df:c8:a6 |
[   13.577215] cloud-init[672]: ci-info: | enp0s8 | True | fe80::a00:27ff:fedf:c8a6/64 |       .       |  link  | 08:00:27:df:c8:a6 |
[   13.578756] cloud-init[672]: ci-info: |   lo   | True |          127.0.0.1          |   255.0.0.0   |  host  |         .         |
[   13.580904] cloud-init[672]: ci-info: |   lo   | True |           ::1/128           |       .       |  host  |         .         |
[   13.583185] cloud-init[672]: ci-info: +--------+------+-----------------------------+---------------+--------+-------------------+
[   13.586603] cloud-init[672]: ci-info: +++++++++++++++++++++++++++++Route IPv4 info+++++++++++++++++++++++++++++
[   13.588662] cloud-init[672]: ci-info: +-------+--------------+----------+-----------------+-----------+-------+
[   13.589959] cloud-init[672]: ci-info: | Route | Destination  | Gateway  |     Genmask     | Interface | Flags |
[   13.591257] cloud-init[672]: ci-info: +-------+--------------+----------+-----------------+-----------+-------+
[   13.593226] cloud-init[672]: ci-info: |   0   |   0.0.0.0    | 10.0.2.2 |     0.0.0.0     |   enp0s3  |   UG  |
[   13.595161] cloud-init[672]: ci-info: |   1   |   10.0.2.0   | 0.0.0.0  |  255.255.255.0  |   enp0s3  |   U   |
[   13.596504] cloud-init[672]: ci-info: |   2   |   10.0.2.2   | 0.0.0.0  | 255.255.255.255 |   enp0s3  |   UH  |
[   13.597862] cloud-init[672]: ci-info: |   3   | 192.168.40.0 | 0.0.0.0  |  255.255.255.0  |   enp0s8  |   U   |
[   13.599762] cloud-init[672]: ci-info: +-------+--------------+----------+-----------------+-----------+-------+
[   13.601314] cloud-init[672]: ci-info: +++++++++++++++++++Route IPv6 info+++++++++++++++++++
[   13.602954] cloud-init[672]: ci-info: +-------+-------------+---------+-----------+-------+
[   13.604618] cloud-init[672]: ci-info: | Route | Destination | Gateway | Interface | Flags |
[   13.605682] cloud-init[672]: ci-info: +-------+-------------+---------+-----------+-------+
[   13.606988] cloud-init[672]: ci-info: |   1   |  fe80::/64  |    ::   |   enp0s8  |   U   |
[   13.608335] cloud-init[672]: ci-info: |   2   |  fe80::/64  |    ::   |   enp0s3  |   U   |
[   13.609701] cloud-init[672]: ci-info: |   4   |    local    |    ::   |   enp0s3  |   U   |
[   13.612796] cloud-init[672]: ci-info: |   5   |    local    |    ::   |   enp0s8  |   U   |
[   13.616221] cloud-init[672]: ci-info: |   6   |   ff00::/8  |    ::   |   enp0s8  |   U   |
[   13.618230] cloud-init[672]: ci-info: |   7   |   ff00::/8  |    ::   |   enp0s3  |   U   |
[   13.620327] cloud-init[672]: ci-info: +-------+-------------+---------+-----------+-------+
[[0;32m  OK  [0m] Started Initial cloud-init job (metadata service crawler).
[[0;32m  OK  [0m] Reached target System Initialization.
[[0;32m  OK  [0m] Listening on UUID daemon activation socket.
[[0;32m  OK  [0m] Started Message of the Day.
[[0;32m  OK  [0m] Started Ubuntu Advantage Timer for running repeated jobs.
[[0;32m  OK  [0m] Started ACPI Events Check.
[[0;32m  OK  [0m] Listening on cloud-init hotplug hook socket.
[[0;32m  OK  [0m] Listening on Open-iSCSI iscsid Socket.
[[0;32m  OK  [0m] Started Daily apt download activities.
[[0;32m  OK  [0m] Reached target Paths.
[[0;32m  OK  [0m] Listening on ACPID Listen Socket.
         Starting Socket activation for snappy daemon.
[[0;32m  OK  [0m] Listening on D-Bus System Message Bus Socket.
[[0;32m  OK  [0m] Started Daily Cleanup of Temporary Directories.
         Starting LXD - unix socket.
[[0;32m  OK  [0m] Started Discard unused blocks once a week.
[[0;32m  OK  [0m] Started Daily apt upgrade and clean activities.
[[0;32m  OK  [0m] Reached target Timers.
[[0;32m  OK  [0m] Reached target Network is Online.
[[0;32m  OK  [0m] Reached target Remote File Systems (Pre).
         Starting Availability of block devices...
         Mounting /vagrant...
[[0;32m  OK  [0m] Reached target Cloud-config availability.
[[0;32m  OK  [0m] Listening on Socket activation for snappy daemon.
[[0;32m  OK  [0m] Listening on LXD - unix socket.
[[0;32m  OK  [0m] Started Availability of block devices.
[[0;32m  OK  [0m] Reached target Sockets.
[[0;32m  OK  [0m] Reached target Basic System.
[[0;32m  OK  [0m] Started Regular background program processing daemon.
         Starting Dispatcher daemon for systemd-networkd...
[[0;32m  OK  [0m] Started FUSE filesystem for LXC.
[[0;32m  OK  [0m] Started Deferred execution scheduler.
         Starting Virtualbox guest utils...
[[0;32m  OK  [0m] Reached target Login Prompts (Pre).
[[0;32m  OK  [0m] Started D-Bus System Message Bus.
         Starting Accounts Service...
         Starting System Logging Service...
[[0;32m  OK  [0m] Started irqbalance daemon.
         Starting LSB: Record successful boot for GRUB...
         Starting LXD - container startup/shutdown...
         Starting Login Service...
         Starting OpenBSD Secure Shell server...
         Starting Snap Daemon...
[[0;32m  OK  [0m] Started System Logging Service.
[[0;32m  OK  [0m] Mounted /vagrant.
[[0;32m  OK  [0m] Started LXD - container startup/shutdown.
[[0;32m  OK  [0m] Started OpenBSD Secure Shell server.
[[0;32m  OK  [0m] Started Login Service.
[[0;32m  OK  [0m] Started Unattended Upgrades Shutdown.
         Starting Authorization Manager...
[[0;32m  OK  [0m] Reached target Remote File Systems.
         Starting LSB: automatic crash report generation...
         Starting The Apache HTTP Server...
         Starting Permit User Sessions...
[[0;32m  OK  [0m] Started Dispatcher daemon for systemd-networkd.
[[0;32m  OK  [0m] Started Permit User Sessions.
         Starting Terminate Plymouth Boot Screen...
         Starting Hold until boot process finishes up...
[[0;32m  OK  [0m] Started Hold until boot process finishes up.
[[0;32m  OK  [0m] Started Terminate Plymouth Boot Screen.
         Starting Set console scheme...
[[0;32m  OK  [0m] Started Serial Getty on ttyS0.
[[0;32m  OK  [0m] Started Authorization Manager.
[[0;32m  OK  [0m] Started Accounts Service.
[[0;32m  OK  [0m] Started Set console scheme.
[[0;32m  OK  [0m] Created slice system-getty.slice.
[[0;32m  OK  [0m] Started Getty on tty1.
[[0;32m  OK  [0m] Reached target Login Prompts.
[[0;32m  OK  [0m] Started Virtualbox guest utils.
[[0;32m  OK  [0m] Started LSB: Record successful boot for GRUB.
[[0;32m  OK  [0m] Started LSB: automatic crash report generation.
[[0;32m  OK  [0m] Created slice User Slice of vagrant.
         Starting User Manager for UID 1000...
[[0;32m  OK  [0m] Started Session 1 of user vagrant.
[[0;32m  OK  [0m] Started The Apache HTTP Server.
[[0;32m  OK  [0m] Started User Manager for UID 1000.
[[0;32m  OK  [0m] Started Snap Daemon.
         Starting Wait until snapd is fully seeded...
         Starting Time & Date Service...
[[0;32m  OK  [0m] Started Time & Date Service.
[[0;32m  OK  [0m] Started Wait until snapd is fully seeded.
         Starting Apply the settings specified in cloud-config...
[   16.780466] cloud-init[1301]: Cloud-init v. 22.3.4-0ubuntu1~18.04.1 running 'modules:config' at Mon, 06 Mar 2023 16:53:19 +0000. Up 16.60 seconds.
[[0;32m  OK  [0m] Started Apply the settings specified in cloud-config.
[[0;32m  OK  [0m] Reached target Multi-User System.
[[0;32m  OK  [0m] Reached target Graphical Interface.
         Starting Update UTMP about System Runlevel Changes...
         Starting Execute cloud user/final scripts...
[[0;32m  OK  [0m] Started Update UTMP about System Runlevel Changes.
[   17.654181] cloud-init[1381]: Cloud-init v. 22.3.4-0ubuntu1~18.04.1 running 'modules:final' at Mon, 06 Mar 2023 16:53:20 +0000. Up 17.48 seconds.
[   17.656740] cloud-init[1381]: Cloud-init v. 22.3.4-0ubuntu1~18.04.1 finished at Mon, 06 Mar 2023 16:53:20 +0000. Datasource DataSourceNoCloud [seed=/dev/sdb][dsmode=net].  Up 17.64 seconds
[[0;32m  OK  [0m] Started Execute cloud user/final scripts.
[[0;32m  OK  [0m] Reached target Cloud-init target.

Ubuntu 18.04.6 LTS ubuntu-bionic ttyS0

ubuntu-bionic login:          Stopping Session 6 of user vagrant.
         Stopping Availability of block devices...
         Stopping Session 5 of user vagrant.
         Stopping User Manager for UID 1000...
         Stopping Session 7 of user vagrant.
         Stopping Authorization Manager...
[[0;32m  OK  [0m] Closed Load/Save RF Kill Switch Status /dev/rfkill Watch.
[[0;32m  OK  [0m] Stopped target Timers.
[[0;32m  OK  [0m] Stopped Message of the Day.
[[0;32m  OK  [0m] Stopped Daily apt upgrade and clean activities.
[[0;32m  OK  [0m] Stopped Daily Cleanup of Temporary Directories.
[[0;32m  OK  [0m] Stopped target Graphical Interface.
         Stopping Accounts Service...
[[0;32m  OK  [0m] Stopped Daily apt download activities.
         Stopping Session 10 of user vagrant.
[[0;32m  OK  [0m] Stopped target Cloud-init target.
[[0;32m  OK  [0m] Stopped Execute cloud user/final scripts.
[[0;32m  OK  [0m] Stopped Apply the settings specified in cloud-config.
[[0;32m  OK  [0m] Stopped target Cloud-config availability.
[[0;32m  OK  [0m] Stopped target Multi-User System.
         Stopping System Logging Service...
[[0;32m  OK  [0m] Stopped Wait until snapd is fully seeded.
         Stopping irqbalance daemon...
         Stopping Dispatcher daemon for systemd-networkd...
         Stopping LSB: automatic crash report generation...
         Stopping Deferred execution scheduler...
[[0;32m  OK  [0m] Stopped target Login Prompts.
         Stopping Serial Getty on ttyS0...
         Stopping LSB: Record successful boot for GRUB...
         Stopping The Apache HTTP Server...
         Stopping LXD - container startup/shutdown...
         Stopping OpenBSD Secure Shell server...
         Stopping FUSE filesystem for LXC...
         Stopping Regular background program processing daemon...
         Stopping Virtualbox guest utils...
         Stopping D-Bus System Message Bus...
         Stopping Getty on tty1...
         Stopping Session 3 of user vagrant.
[[0;32m  OK  [0m] Stopped Discard unused blocks once a week.
[[0;32m  OK  [0m] Stopped target System Time Synchronized.
[[0;32m  OK  [0m] Stopped Ubuntu Advantage Timer for running repeated jobs.
[[0;32m  OK  [0m] Unmounted /var/lib/lxcfs.
[[0;32m  OK  [0m] Stopped Regular background program processing daemon.
[[0;32m  OK  [0m] Stopped Dispatcher daemon for systemd-networkd.
[[0;32m  OK  [0m] Stopped Deferred execution scheduler.
[[0;32m  OK  [0m] Stopped Accounts Service.
[[0;32m  OK  [0m] Stopped System Logging Service.
[[0;32m  OK  [0m] Stopped irqbalance daemon.
[[0;32m  OK  [0m] Stopped OpenBSD Secure Shell server.
[[0;32m  OK  [0m] Stopped Authorization Manager.
[[0;32m  OK  [0m] Stopped Serial Getty on ttyS0.
[[0;32m  OK  [0m] Stopped Getty on tty1.
[[0;32m  OK  [0m] Stopped User Manager for UID 1000.
[[0;32m  OK  [0m] Stopped Availability of block devices.
[[0;32m  OK  [0m] Stopped D-Bus System Message Bus.
[[0;32m  OK  [0m] Stopped FUSE filesystem for LXC.
[[0;32m  OK  [0m] Stopped Session 3 of user vagrant.
[[0;32m  OK  [0m] Stopped Session 6 of user vagrant.
[[0;32m  OK  [0m] Removed slice system-getty.slice.
[[0;32m  OK  [0m] Stopped target Login Prompts (Pre).
[[0;32m  OK  [0m] Removed slice system-serial\x2dgetty.slice.
[[0;32m  OK  [0m] Stopped Session 7 of user vagrant.
[[0;32m  OK  [0m] Stopped LSB: Record successful boot for GRUB.
[[0;32m  OK  [0m] Stopped The Apache HTTP Server.
[[0;32m  OK  [0m] Stopped LXD - container startup/shutdown.
[[0;32m  OK  [0m] Stopped target Host and Network Name Lookups.
[[0;32m  OK  [0m] Stopped Session 5 of user vagrant.
[[0;32m  OK  [0m] Stopped LSB: automatic crash report generation.
[[0;32m  OK  [0m] Stopped Session 10 of user vagrant.
[[0;32m  OK  [0m] Removed slice User Slice of vagrant.
         Stopping Permit User Sessions...
         Stopping Login Service...
[[0;32m  OK  [0m] Stopped Virtualbox guest utils.
[[0;32m  OK  [0m] Stopped Permit User Sessions.
[[0;32m  OK  [0m] Stopped target Remote File Systems.
         Unmounting /vagrant...
[[0;32m  OK  [0m] Unmounted /vagrant.
[[0;32m  OK  [0m] Stopped target Remote File Systems (Pre).
[[0;32m  OK  [0m] Stopped target Network is Online.
[[0;32m  OK  [0m] Stopped target Network.
         Stopping Network Name Resolution...
[[0;32m  OK  [0m] Stopped Login Service.
[[0;32m  OK  [0m] Stopped target Basic System.
[[0;32m  OK  [0m] Stopped target Sockets.
[[0;32m  OK  [0m] Closed Open-iSCSI iscsid Socket.
[[0;32m  OK  [0m] Closed LXD - unix socket.
[[0;32m  OK  [0m] Closed ACPID Listen Socket.
[[0;32m  OK  [0m] Closed UUID daemon activation socket.
[[0;32m  OK  [0m] Closed Syslog Socket.
[[0;32m  OK  [0m] Closed cloud-init hotplug hook socket.
[[0;32m  OK  [0m] Closed Socket activation for snappy daemon.
[[0;32m  OK  [0m] Stopped target Paths.
[[0;32m  OK  [0m] Stopped ACPI Events Check.
[[0;32m  OK  [0m] Stopped target Slices.
[[0;32m  OK  [0m] Stopped target User and Group Name Lookups.
[[0;32m  OK  [0m] Closed D-Bus System Message Bus Socket.
[[0;32m  OK  [0m] Stopped target System Initialization.
         Stopping Update UTMP about System Boot/Shutdown...
         Stopping Load/Save Random Seed...
[[0;32m  OK  [0m] Stopped Initial cloud-init job (metadata service crawler).
[[0;32m  OK  [0m] Stopped target Local Encrypted Volumes.
[[0;32m  OK  [0m] Stopped Forward Password Requests to Wall Directory Watch.
[[0;32m  OK  [0m] Stopped Dispatch Password Requests to Console Directory Watch.
[[0;32m  OK  [0m] Removed slice User and Session Slice.
[[0;32m  OK  [0m] Stopped Network Name Resolution.
[[0;32m  OK  [0m] Stopped Load/Save Random Seed.
         Stopping Network Service...
[[0;32m  OK  [0m] Stopped Update UTMP about System Boot/Shutdown.
[[0;32m  OK  [0m] Stopped Create Volatile Files and Directories.
[[0;32m  OK  [0m] Stopped target Local File Systems.
         Unmounting /run/user/1000...
[[0;32m  OK  [0m] Unmounted /run/user/1000.
[[0;32m  OK  [0m] Reached target Unmount All Filesystems.
[[0;32m  OK  [0m] Stopped target Swap.
[[0;32m  OK  [0m] Stopped target Local File Systems (Pre).
[[0;32m  OK  [0m] Stopped Create Static Device Nodes in /dev.
         Stopping Monitoring of LVM2 mirrors…ng dmeventd or progress polling...
[[0;32m  OK  [0m] Stopped Network Service.
[[0;32m  OK  [0m] Stopped target Network (Pre).
[[0;32m  OK  [0m] Stopped Initial cloud-init job (pre-networking).
[[0;32m  OK  [0m] Stopped Remount Root and Kernel File Systems.
[[0;32m  OK  [0m] Stopped Apply Kernel Variables.
[[0;32m  OK  [0m] Stopped Load Kernel Modules.
[[0;32m  OK  [0m] Reached target Shutdown.
[[0;32m  OK  [0m] Reached target Final Step.
         Starting Power-Off...
[[0;32m  OK  [0m] Stopped Monitoring of LVM2 mirrors,…sing dmeventd or progress polling.
         Stopping LVM2 metadata daemon...
[[0;32m  OK  [0m] Stopped LVM2 metadata daemon.
[ 7154.935791] reboot: Power down
